0 info it worked if it ends with ok
1 verbose cli [ 'C:\\Program Files\\nodejs\\node.exe',
1 verbose cli   'C:\\Users\\e002679\\AppData\\Roaming\\npm\\node_modules\\npm\\bin\\npm-cli.js',
1 verbose cli   'install' ]
2 info using npm@3.10.3
3 info using node@v4.4.7
4 silly loadCurrentTree Starting
5 silly install loadCurrentTree
6 silly install readLocalPackageData
7 silly install normalizeTree
8 silly loadCurrentTree Finishing
9 silly loadIdealTree Starting
10 silly install loadIdealTree
11 silly cloneCurrentTree Starting
12 silly install cloneCurrentTreeToIdealTree
13 silly cloneCurrentTree Finishing
14 silly loadShrinkwrap Starting
15 silly install loadShrinkwrap
16 silly loadShrinkwrap Finishing
17 silly loadAllDepsIntoIdealTree Starting
18 silly install loadAllDepsIntoIdealTree
19 silly loadAllDepsIntoIdealTree Finishing
20 silly loadIdealTree Finishing
21 silly currentTree heathers-qpa-app@0.1.0
21 silly currentTree +-- async@1.5.2
21 silly currentTree +-- balanced-match@0.4.1
21 silly currentTree +-- brace-expansion@1.1.5
21 silly currentTree +-- concat-map@0.0.1
21 silly currentTree +-- electron-json-storage@2.0.0
21 silly currentTree +-- exists-file@1.0.2
21 silly currentTree +-- fs-jetpack@0.9.2
21 silly currentTree +-- fs.realpath@1.0.0
21 silly currentTree +-- glob@7.0.5
21 silly currentTree +-- inflight@1.0.5
21 silly currentTree +-- inherits@2.0.1
21 silly currentTree +-- lodash@4.13.1
21 silly currentTree +-- minimatch@3.0.2
21 silly currentTree +-- minimist@0.0.8
21 silly currentTree +-- mkdirp@0.5.1
21 silly currentTree +-- once@1.3.3
21 silly currentTree +-- path-is-absolute@1.0.0
21 silly currentTree +-- q@1.4.1
21 silly currentTree +-- rimraf@2.5.2
21 silly currentTree `-- wrappy@1.0.2
22 silly idealTree heathers-qpa-app@0.1.0
22 silly idealTree +-- async@1.5.2
22 silly idealTree +-- balanced-match@0.4.1
22 silly idealTree +-- brace-expansion@1.1.5
22 silly idealTree +-- concat-map@0.0.1
22 silly idealTree +-- electron-json-storage@2.0.0
22 silly idealTree +-- exists-file@1.0.2
22 silly idealTree +-- fs-jetpack@0.9.2
22 silly idealTree +-- fs.realpath@1.0.0
22 silly idealTree +-- glob@7.0.5
22 silly idealTree +-- inflight@1.0.5
22 silly idealTree +-- inherits@2.0.1
22 silly idealTree +-- lodash@4.13.1
22 silly idealTree +-- minimatch@3.0.2
22 silly idealTree +-- minimist@0.0.8
22 silly idealTree +-- mkdirp@0.5.1
22 silly idealTree +-- once@1.3.3
22 silly idealTree +-- path-is-absolute@1.0.0
22 silly idealTree +-- q@1.4.1
22 silly idealTree +-- rimraf@2.5.2
22 silly idealTree `-- wrappy@1.0.2
23 silly generateActionsToTake Starting
24 silly install generateActionsToTake
25 silly generateActionsToTake Finishing
26 silly diffTrees action count 0
27 silly decomposeActions action count 0
28 silly executeActions Starting
29 silly install executeActions
30 silly doSerial global-install 0
31 silly doParallel fetch 0
32 verbose correctMkdir C:\Users\e002679\AppData\Roaming\npm-cache\_locks correctMkdir not in flight; initializing
33 verbose lock using C:\Users\e002679\AppData\Roaming\npm-cache\_locks\staging-5db8720ca618b5f8.lock for C:\Users\e002679\src\heathers-jade\app\node_modules\.staging
34 silly doParallel extract 0
35 silly doParallel preinstall 0
36 silly doReverseSerial remove 0
37 silly doSerial move 0
38 silly doSerial finalize 0
39 silly doSerial build 0
40 silly doSerial global-link 0
41 silly doParallel update-linked 0
42 silly doSerial install 0
43 silly doSerial postinstall 0
44 verbose unlock done using C:\Users\e002679\AppData\Roaming\npm-cache\_locks\staging-5db8720ca618b5f8.lock for C:\Users\e002679\src\heathers-jade\app\node_modules\.staging
45 silly executeActions Finishing
46 silly rollbackFailedOptional Starting
47 silly rollbackFailedOptional Finishing
48 silly runTopLevelLifecycles Starting
49 silly install runTopLevelLifecycles
50 silly preinstall heathers-qpa-app@0.1.0 C:\Users\e002679\src\heathers-jade\app\heathers-qpa-app-ce24aaec
51 info lifecycle heathers-qpa-app@0.1.0~preinstall: heathers-qpa-app@0.1.0
52 silly lifecycle heathers-qpa-app@0.1.0~preinstall: no script for preinstall, continuing
53 silly build heathers-qpa-app@0.1.0
54 info linkStuff heathers-qpa-app@0.1.0
55 silly linkStuff heathers-qpa-app@0.1.0 has C:\Users\e002679\src\heathers-jade as its parent node_modules
56 verbose linkBins heathers-qpa-app@0.1.0
57 verbose linkMans heathers-qpa-app@0.1.0
58 silly install heathers-qpa-app@0.1.0 C:\Users\e002679\src\heathers-jade\app\heathers-qpa-app-ce24aaec
59 info lifecycle heathers-qpa-app@0.1.0~install: heathers-qpa-app@0.1.0
60 silly lifecycle heathers-qpa-app@0.1.0~install: no script for install, continuing
61 silly postinstall heathers-qpa-app@0.1.0 C:\Users\e002679\src\heathers-jade\app\heathers-qpa-app-ce24aaec
62 info lifecycle heathers-qpa-app@0.1.0~postinstall: heathers-qpa-app@0.1.0
63 verbose lifecycle heathers-qpa-app@0.1.0~postinstall: unsafe-perm in lifecycle true
64 verbose lifecycle heathers-qpa-app@0.1.0~postinstall: PATH: C:\Users\e002679\AppData\Roaming\npm\node_modules\npm\bin\node-gyp-bin;C:\Users\e002679\src\heathers-jade\app\node_modules\.bin;C:\Program Files\nodejs;C:\Users\e002679\AppData\Roaming\npm\node_modules\npm\bin\node-gyp-bin;C:\Users\e002679\src\heathers-jade\node_modules\.bin;C:\Program Files\nodejs;C:\Users\e002679\bin;C:\Program Files\Git\mingw64\bin;C:\Program Files\Git\usr\local\bin;C:\Program Files\Git\usr\bin;C:\Program Files\Git\usr\bin;C:\Program Files\Git\mingw64\bin;C:\Program Files\Git\usr\bin;C:\Users\e002679\bin;C:\Python27;C:\ProgramData\Oracle\Java\javapath;C:\Program Files (x86)\Intel\iCLS Client;C:\Program Files\Intel\iCLS Client;C:\WINDOWS\system32;C:\WINDOWS;C:\WINDOWS\System32\Wbem;C:\WINDOWS\System32\WindowsPowerShell\v1.0;C:\WINDOWS\tools;C:\Program Files (x86)\ATI Technologies\ATI.ACE\Core-Static;C:\Program Files\Intel\Intel(R) Management Engine Components\DAL;C:\Program Files\Intel\Intel(R) Management Engine Components\IPT;C:\Program Files (x86)\Intel\Intel(R) Management Engine Components\DAL;C:\Program Files (x86)\Intel\Intel(R) Management Engine Components\IPT;C:\Program Files (x86)\Interactive Intelligence\ININ Trace Initialization;C:\Program Files (x86)\Interactive Intelligence\BusinessManagerApps;C:\Program Files (x86)\Common Files\Crystal Decisions\2.0\bin;C:\Program Files (x86)\SAP BusinessObjects\Crystal Reports for .NET Framework 4.0\Common\SAP BusinessObjects Enterprise XI 4.0\win32_x86;C:\Program Files (x86)\Microsoft SQL Server\110\Tools\Binn\ManagementStudio;C:\Program Files (x86)\Microsoft SQL Server\110\Tools\Binn;C:\Program Files\Microsoft SQL Server\110\Tools\Binn;C:\Program Files (x86)\Microsoft SQL Server\110\DTS\Binn;C:\Program Files (x86)\CMake\bin;C:\Program Files (x86)\Microsoft Visual Studio 11.0\Common7\IDE\PrivateAssemblies;C:\Program Files\Git\cmd;C:\Program Files\nodejs;C:\Program Files\dotnet;C:\Program Files\Microsoft SQL Server\120\Tools\Binn;C:\Program Files\Microsoft SQL Server\130\Tools\Binn;C:\Program Files (x86)\Windows Kits\10\Windows Performance Toolkit;C:\Users\e002679\AppData\Roaming\npm;C:\Program Files\Git\usr\bin\vendor_perl;C:\Program Files\Git\usr\bin\core_perl
65 verbose lifecycle heathers-qpa-app@0.1.0~postinstall: CWD: C:\Users\e002679\src\heathers-jade\app
66 silly lifecycle heathers-qpa-app@0.1.0~postinstall: Args: [ '/d /s /c', 'node ../tasks/rebuild_native_modules' ]
67 silly lifecycle heathers-qpa-app@0.1.0~postinstall: Returned: code: 1  signal: null
68 info lifecycle heathers-qpa-app@0.1.0~postinstall: Failed to exec postinstall script
69 warn heathers-qpa-app@0.1.0 No repository field.
70 warn heathers-qpa-app@0.1.0 No license field.
71 verbose stack Error: heathers-qpa-app@0.1.0 postinstall: `node ../tasks/rebuild_native_modules`
71 verbose stack Exit status 1
71 verbose stack     at EventEmitter.<anonymous> (C:\Users\e002679\AppData\Roaming\npm\node_modules\npm\lib\utils\lifecycle.js:242:16)
71 verbose stack     at emitTwo (events.js:87:13)
71 verbose stack     at EventEmitter.emit (events.js:172:7)
71 verbose stack     at ChildProcess.<anonymous> (C:\Users\e002679\AppData\Roaming\npm\node_modules\npm\lib\utils\spawn.js:40:14)
71 verbose stack     at emitTwo (events.js:87:13)
71 verbose stack     at ChildProcess.emit (events.js:172:7)
71 verbose stack     at maybeClose (internal/child_process.js:827:16)
71 verbose stack     at Process.ChildProcess._handle.onexit (internal/child_process.js:211:5)
72 verbose pkgid heathers-qpa-app@0.1.0
73 verbose cwd C:\Users\e002679\src\heathers-jade\app
74 error Windows_NT 6.3.9600
75 error argv "C:\\Program Files\\nodejs\\node.exe" "C:\\Users\\e002679\\AppData\\Roaming\\npm\\node_modules\\npm\\bin\\npm-cli.js" "install"
76 error node v4.4.7
77 error npm  v3.10.3
78 error code ELIFECYCLE
79 error heathers-qpa-app@0.1.0 postinstall: `node ../tasks/rebuild_native_modules`
79 error Exit status 1
80 error Failed at the heathers-qpa-app@0.1.0 postinstall script 'node ../tasks/rebuild_native_modules'.
80 error Make sure you have the latest version of node.js and npm installed.
80 error If you do, this is most likely a problem with the heathers-qpa-app package,
80 error not with npm itself.
80 error Tell the author that this fails on your system:
80 error     node ../tasks/rebuild_native_modules
80 error You can get information on how to open an issue for this project with:
80 error     npm bugs heathers-qpa-app
80 error Or if that isn't available, you can get their info via:
80 error     npm owner ls heathers-qpa-app
80 error There is likely additional logging output above.
81 verbose exit [ 1, true ]
